<?xml version="1.0" encoding="UTF-8"?>
<!-- Generated by org.testng.reporters.JUnitReportReporter -->
<testsuite hostname="LAPTOP-DBR0E06H" name="loginTest" tests="2" failures="0" timestamp="17 Mar 2020 18:09:02 GMT" time="0.040" errors="0">
  <testcase name="atest5" time="0.038" classname="loginTest"/>
  <testcase name="test3" time="0.002" classname="loginTest"/>
</testsuite> <!-- loginTest -->
