<?xml version="1.0" encoding="UTF-8"?>
<!-- Generated by org.testng.reporters.JUnitReportReporter -->
<testsuite hostname="LAPTOP-DBR0E06H" name="Annot" tests="1" failures="0" timestamp="7 May 2020 14:16:42 GMT" time="16.639" errors="0">
  <testcase name="verifylogin" time="16.639" classname="Annot"/>
</testsuite> <!-- Annot -->
