<?xml version="1.0" encoding="UTF-8"?>
<!-- Generated by org.testng.reporters.JUnitReportReporter -->
<testsuite hostname="LAPTOP-DBR0E06H" name="dressPageObject" tests="5" failures="0" timestamp="2 May 2020 11:51:45 GMT" time="0.044" errors="0">
  <testcase name="test3" time="0.032" classname="dressPageObject"/>
  <testcase name="test4" time="0.002" classname="dressPageObject"/>
  <testcase name="test1" time="0.005" classname="dressPageObject"/>
  <testcase name="test5" time="0.001" classname="dressPageObject"/>
  <testcase name="atest2" time="0.004" classname="dressPageObject"/>
</testsuite> <!-- dressPageObject -->
